<?xml version="1.1" encoding="UTF-8"?>
<testsuite name="com.biglakesystems.common.impl.quality.WeakIdentityHashMapTest" tests="1" failures="0" errors="0" timestamp="2014-05-03T18:36:04" hostname="Ariane" time="0.053">
  <properties/>
  <testcase name="testMap" classname="com.biglakesystems.common.impl.quality.WeakIdentityHashMapTest" time="0.053"/>
  <system-out><![CDATA[]]></system-out>
  <system-err><![CDATA[]]></system-err>
</testsuite>
